<?xml version="1.0" encoding="utf-8"?><testsuites name="pytest tests"><testsuite name="pytest" errors="0" failures="0" skipped="0" tests="20" time="3.784" timestamp="2026-05-02T16:15:09.233029+00:00" hostname="agent-env-e29f1a3c-9397-4cf3-af10-4d8de87d1b66"><testcase classname="backend.tests.test_lustro.TestRoot" name="test_root_returns_app" time="0.229" /><testcase classname="backend.tests.test_lustro.TestClientes" name="test_create_cliente" time="0.155" /><testcase classname="backend.tests.test_lustro.TestClientes" name="test_list_clientes_includes_created" time="0.145" /><testcase classname="backend.tests.test_lustro.TestClientes" name="test_get_cliente" time="0.110" /><testcase classname="backend.tests.test_lustro.TestClientes" name="test_update_cliente" time="0.169" /><testcase classname="backend.tests.test_lustro.TestClientes" name="test_get_cliente_404" time="0.158" /><testcase classname="backend.tests.test_lustro.TestVisitas" name="test_setup_create_cliente" time="0.176" /><testcase classname="backend.tests.test_lustro.TestVisitas" name="test_create_visita_hoje" time="0.192" /><testcase classname="backend.tests.test_lustro.TestVisitas" name="test_create_visita_amanha" time="0.099" /><testcase classname="backend.tests.test_lustro.TestVisitas" name="test_list_visitas_filter_data" time="0.113" /><testcase classname="backend.tests.test_lustro.TestVisitas" name="test_list_visitas_filter_cliente" time="0.125" /><testcase classname="backend.tests.test_lustro.TestVisitas" name="test_update_visita" time="0.161" /><testcase classname="backend.tests.test_lustro.TestVisitas" name="test_delete_cliente_cascades_visitas" time="0.271" /><testcase classname="backend.tests.test_lustro.TestContratos" name="test_proximo_numero_initial" time="0.120" /><testcase classname="backend.tests.test_lustro.TestContratos" name="test_create_contrato_no_consume" time="0.266" /><testcase classname="backend.tests.test_lustro.TestContratos" name="test_finalizar_contrato_via_confirmar_final" time="0.248" /><testcase classname="backend.tests.test_lustro.TestContratos" name="test_finalizar_via_estado_assinado" time="0.185" /><testcase classname="backend.tests.test_lustro.TestContratos" name="test_re_finalizar_nao_consome" time="0.211" /><testcase classname="backend.tests.test_lustro.TestContratos" name="test_listar_contratos_no_objectid" time="0.142" /><testcase classname="backend.tests.test_lustro.TestContratos" name="test_cleanup_delete_contratos" time="0.452" /></testsuite></testsuites>